[backblue.gif]
[fade.gif]
[index.html]
[wastedziyun.eu.org/feed]
[wastedziyun.eu.org/comments/feed]
[ftp6549879.host126.sanfengyun.cn/wp-includes/js/jquery/jquery.minaf6c.js]
[ftp6549879.host126.sanfengyun.cn/wp-includes/js/jquery/jquery-migrate.mind617.js]
[wastedziyun.eu.org/wp-json/index.html]
[wastedziyun.eu.org/wp-json/wp/v2/pages/4.json]
[wastedziyun.eu.org/xmlrpc0db0.php]
[wastedziyun.eu.org/wp-includes/wlwmanifest.xml]
[wastedziyun.eu.org/wp-json/oembed/1.0/embede2ef.json]
[wastedziyun.eu.org/wp-json/oembed/1.0/embed611e]
[ftp6549879.host126.sanfengyun.cn/wp-content/uploads/2022/09/6fa10bdb8b9869382440f5de23b9f27a795fbe69.jpg]
[ftp6549879.host126.sanfengyun.cn/wp-content/themes/twentyfifteen/js/skip-link-focus-fixd995.js]
[ftp6549879.host126.sanfengyun.cn/wp-content/themes/twentyfifteen/js/functions0b0e.js]
[wastedziyun.eu.org/index.html]
[wastedziyun.eu.org/xmlrpc.php]
[ftp6549879.host126.sanfengyun.cn/wp-includes/css/dist/block-library/style.min5b21.css]
[ftp6549879.host126.sanfengyun.cn/wp-content/themes/twentyfifteen/genericons/Genericons.eot]
[ftp6549879.host126.sanfengyun.cn/wp-content/themes/twentyfifteen/genericons/Genericons.ttf]
[ftp6549879.host126.sanfengyun.cn/wp-content/themes/twentyfifteen/genericons/genericons3ce7.css]
[ftp6549879.host126.sanfengyun.cn/wp-content/themes/twentyfifteen/style3ce7.css]
[ftp6549879.host126.sanfengyun.cn/wp-content/themes/twentyfifteen/css/blocks0b0e.css]
[www.sanfengyun.com/webstop/break/break.js]
[img.sanfengyun.com/img/logo2.png]
[img.sanfengyun.com/img/tu2.png]
[img.sanfengyun.com/img/sys-bg2.jpg]
[ftp6549879.host126.sanfengyun.cn/wp-content/uploads/2022/09/cropped-@WindowsUpdateToastIcon.contrast-black-32x32.html]
[ftp6549879.host126.sanfengyun.cn/wp-content/uploads/2022/09/cropped-@WindowsUpdateToastIcon.contrast-black-192x192.html]
[ftp6549879.host126.sanfengyun.cn/wp-content/uploads/2022/09/cropped-@WindowsUpdateToastIcon.contrast-black-180x180.html]
[wastedziyun.eu.org/wp-json/wp/v2/pages/5.json]
[wastedziyun.eu.org/wp-json/oembed/1.0/embed1d99.json]
[wastedziyun.eu.org/wp-json/oembed/1.0/embed240c]
[wastedziyun.eu.org/about.html]
[ftp6549879.host126.sanfengyun.cn/wp-content/uploads/2022/10/IMG20221004140856-825x510.jpg]
[ftp6549879.host126.sanfengyun.cn/wp-content/uploads/2022/10/IMG20221002192643-825x510.jpg]
[ftp6549879.host126.sanfengyun.cn/wp-content/uploads/2022/09/DSC02712-825x510.jpg]
[ftp6549879.host126.sanfengyun.cn/wp-content/uploads/2022/09/泪水之城-825x510.jpg]
[ftp6549879.host126.sanfengyun.cn/wp-content/uploads/2022/09/20220422222210_1-825x510.jpg]
[wastedziyun.eu.org/blogs.html]
[wastedziyun.eu.org/wp-json/wp/v2/pages/90.json]
[wastedziyun.eu.org/wp-json/oembed/1.0/embed60fa.json]
[wastedziyun.eu.org/wp-json/oembed/1.0/embedaf15]
[wastedziyun.eu.org/stream.html]
[wastedziyun.eu.org/blogs/252/feed]
[wastedziyun.eu.org/wp-json/wp/v2/posts/252.json]
[wastedziyun.eu.org/wp-json/oembed/1.0/embedb131.json]
[wastedziyun.eu.org/wp-json/oembed/1.0/embed8222]
[ftp6549879.host126.sanfengyun.cn/wp-includes/js/comment-reply.min5b21.js]
[ftp6549879.host126.sanfengyun.cn/wp-content/plugins/akismet/_inc/akismet-frontendb7d3.js]
[wastedziyun.eu.org/blogs/252.html]
[ftp6549879.host126.sanfengyun.cn/wp-content/themes/twentyfifteen/genericons/Genericons.svg]
[www.sanfengyun.com/webstop/break/img/newclose.gif]
[www.sanfengyun.com/webstop/break/break.css]
[wastedziyun.eu.org/indexc471.html]
[wastedziyun.eu.org/blogs/category/r/feed]
[wastedziyun.eu.org/wp-json/wp/v2/categories/4.json]
[wastedziyun.eu.org/blogs/category/r.html]
[wastedziyun.eu.org/blogs/tag/随笔.html]
[wastedziyun.eu.org/blogs/223/feed]
[wastedziyun.eu.org/wp-json/wp/v2/posts/223.json]
[wastedziyun.eu.org/wp-json/oembed/1.0/embeddb25.json]
[wastedziyun.eu.org/wp-json/oembed/1.0/embed2f56]
[wastedziyun.eu.org/blogs/223.html]
[wastedziyun.eu.org/blogs/182/feed]
[wastedziyun.eu.org/wp-json/wp/v2/posts/182.json]
[wastedziyun.eu.org/wp-json/oembed/1.0/embed10c4.json]
[wastedziyun.eu.org/wp-json/oembed/1.0/embedc050]
[wastedziyun.eu.org/blogs/182.html]
[wastedziyun.eu.org/blogs/type/aside/feed]
[wastedziyun.eu.org/blogs/type/aside.html]
[wastedziyun.eu.org/blogs/category/rz/feed]
[wastedziyun.eu.org/wp-json/wp/v2/categories/9.json]
[wastedziyun.eu.org/blogs/category/rz.html]
[wastedziyun.eu.org/blogs/tag/日志.html]
[wastedziyun.eu.org/blogs/category/a/feed]
[wastedziyun.eu.org/wp-json/wp/v2/categories/6.json]
[wastedziyun.eu.org/blogs/category/a.html]
[wastedziyun.eu.org/blogs/tag/文章.html]
[wastedziyun.eu.org/wp-json/wp/v2/posts/118.json]
[wastedziyun.eu.org/wp-json/oembed/1.0/embed3e4e.json]
[wastedziyun.eu.org/wp-json/oembed/1.0/embed3b8b]
[wastedziyun.eu.org/blogs/118.html]
[wastedziyun.eu.org/blogs/115/feed]
[wastedziyun.eu.org/wp-json/wp/v2/posts/115.json]
[wastedziyun.eu.org/wp-json/oembed/1.0/embedc687.json]
[wastedziyun.eu.org/wp-json/oembed/1.0/embed5945]
[wastedziyun.eu.org/blogs/115.html]
[wastedziyun.eu.org/blogs/101/feed]
[wastedziyun.eu.org/wp-json/wp/v2/posts/101.json]
[wastedziyun.eu.org/wp-json/oembed/1.0/embed0f59.json]
[wastedziyun.eu.org/wp-json/oembed/1.0/embed37fb]
[wastedziyun.eu.org/blogs/101.html]
[wastedziyun.eu.org/blogs/category/uncategorized/feed]
[wastedziyun.eu.org/wp-json/wp/v2/categories/1.json]
[wastedziyun.eu.org/blogs/category/uncategorized.html]
[wastedziyun.eu.org/blogs/1/feed]
[wastedziyun.eu.org/wp-json/wp/v2/posts/1.json]
[wastedziyun.eu.org/wp-json/oembed/1.0/embed78c0]
[wastedziyun.eu.org/blogs/1.html]
[wastedziyun.eu.org/indexeffd.html]
[wastedziyun.eu.org/indexa943.html]
[wastedziyun.eu.org/blogs/author/wastedziyun/feed]
[wastedziyun.eu.org/wp-json/wp/v2/users/1.json]
[wastedziyun.eu.org/blogs/author/wastedziyun.html]
[wastedziyun.eu.org/blogs/252fa40.html]
[wastedziyun.eu.org/blogs/252360b.html]
[wastedziyun.eu.org/indexd027.html]
[wastedziyun.eu.org/index7b17.html]
[wastedziyun.eu.org/blogs/150/feed]
[wastedziyun.eu.org/wp-json/wp/v2/posts/150.json]
[wastedziyun.eu.org/wp-json/oembed/1.0/embed59db.json]
[wastedziyun.eu.org/wp-json/oembed/1.0/embeda688]
[wastedziyun.eu.org/blogs/150]
[wastedziyun.eu.org/indexdb4e.html]
[wastedziyun.eu.org/index0a10.html]
[wastedziyun.eu.org/blogs/118/feed]
[wastedziyun.eu.org/index198a.html]
[wastedziyun.eu.org/blogs/16944.html]
[wastedziyun.eu.org/blogs/1fc06.html]
[wastedziyun.eu.org/blogs/194a5.html]
[wastedziyun.eu.org/blogs/141b7.html]
[wastedziyun.eu.org/blogs/1267f.html]
[wastedziyun.eu.org/blogs/10e22.html]
[wastedziyun.eu.org/blogs/18e42.html]
[wastedziyun.eu.org/index56d6.html]
[wastedziyun.eu.org/blogs/115a858.html]
[wastedziyun.eu.org/indexcff1.html]
[wastedziyun.eu.org/wp-json/oembed/1.0/embedf1fc]
